<?xml version="1.0" encoding="UTF-8"?>
<!-- Generated by org.testng.reporters.JUnitReportReporter -->
<testsuite hostname="DELL-PC" name="com.demo.qa.rest_api_test.NewTest" tests="1" failures="0" timestamp="19 May 2015 09:15:04 GMT" time="0.013" errors="0">
  <testcase name="f" time="0.013" classname="com.demo.qa.rest_api_test.NewTest"/>
</testsuite> <!-- com.demo.qa.rest_api_test.NewTest -->
