<?xml version="1.0" encoding="UTF-8"?>
<!-- Generated by org.testng.reporters.JUnitReportReporter -->
<testsuite hostname="DELL-PC" name="com.demo.qa.rest_api_test.HTTPReqGenTest" tests="3" failures="0" timestamp="20 May 2015 08:26:26 GMT" time="0.978" errors="0">
  <testcase name="api_test" time="0.030" classname="com.demo.qa.rest_api_test.HTTPReqGenTest"/>
  <testcase name="api_test" time="0.037" classname="com.demo.qa.rest_api_test.HTTPReqGenTest"/>
  <testcase name="api_test" time="0.911" classname="com.demo.qa.rest_api_test.HTTPReqGenTest"/>
</testsuite> <!-- com.demo.qa.rest_api_test.HTTPReqGenTest -->
